<?xml version="1.0" encoding="UTF-8"?>
<!-- Generated by org.testng.reporters.JUnitXMLReporter -->
<testsuite ignored="0" hostname="LAPTOP-URD1L83F" failures="1" tests="1" name="Test" time="68.169" errors="0" timestamp="2023-03-03T15:36:33 IST">
  <testcase classname="edu.growlife.organization_chief.test1" name="admin" time="30.99">
    <failure type="java.lang.AssertionError" message="expected [true] but found [false]">
      <![CDATA[java.lang.AssertionError: expected [true] but found [false]
at edu.growlife.organization_chief.test1.admin(test1.java:77)
at java.base/java.util.ArrayList.forEach(ArrayList.java:1511)
... Removed 31 stack frames]]>
    </failure>
  </testcase> <!-- admin -->
</testsuite> <!-- Test -->
